<?xml version="1.0" encoding="UTF-8"?>
<!-- Generated by org.testng.reporters.JUnitReportReporter -->
<testsuite skipped="0" hostname="LAPTOP-DQ25KTNT" name="com.maven.jenkins.TestNG.HomeGroup" tests="2" failures="0" timestamp="14 Jun 2020 00:22:55 GMT" time="0.010" errors="0">
  <testcase name="TC_Home_01" time="0.009" classname="com.maven.jenkins.TestNG.HomeGroup"/>
  <testcase name="TC_Home_02" time="0.001" classname="com.maven.jenkins.TestNG.HomeGroup"/>
</testsuite> <!-- com.maven.jenkins.TestNG.HomeGroup -->
