<?xml version="1.0" encoding="UTF-8"?>
<!-- Generated by org.testng.reporters.JUnitReportReporter -->
<testsuite skipped="0" hostname="LAPTOP-DQ25KTNT" name="com.maven.jenkins.TestNG.LoginGroup" tests="2" failures="0" timestamp="14 Jun 2020 00:25:57 GMT" time="0.003" errors="0">
  <testcase name="TC_Login_01" time="0.002" classname="com.maven.jenkins.TestNG.LoginGroup"/>
  <testcase name="TC_Login_03" time="0.001" classname="com.maven.jenkins.TestNG.LoginGroup"/>
</testsuite> <!-- com.maven.jenkins.TestNG.LoginGroup -->
